<?xml version="1.0" encoding="UTF-8"?>
<!-- Generated by org.testng.reporters.JUnitXMLReporter -->
<testsuite hostname="Shashi" ignored="0" name="Free CRM App Test Cases" tests="5" failures="0" timestamp="28 Jul 2018 23:03:15 GMT" time="103.805" errors="0">
  <testcase name="validateNewCustomerRegistration" time="1.469" classname="com.amazon.qa.testcases.RegistrationTest"/>
  <testcase name="validateNewCustomerRegistration" time="1.407" classname="com.amazon.qa.testcases.RegistrationTest"/>
  <testcase name="validateNewCustomerRegistration" time="1.475" classname="com.amazon.qa.testcases.RegistrationTest"/>
  <testcase name="validateNewCustomerRegistration" time="1.432" classname="com.amazon.qa.testcases.RegistrationTest"/>
  <testcase name="verifyTitleTest" time="0.023" classname="com.amazon.qa.testcases.RegistrationTest"/>
</testsuite> <!-- Free CRM App Test Cases -->
