<?xml version="1.0" encoding="UTF-8"?>
<!-- Generated by org.testng.reporters.JUnitXMLReporter -->
<testsuite ignored="0" hostname="Shashi" failures="0" tests="8" name="Free CRM App Test Cases" time="773.481" errors="0" timestamp="28 Sep 2018 15:12:26 GMT">
  <testcase classname="com.amazon.qa.testcases.LoginPageTest" name="amazonLogoTest" time="0.145"/>
  <testcase classname="com.amazon.qa.testcases.LoginPageTest" name="loginPageTitleTest" time="0.029"/>
  <testcase classname="com.amazon.qa.testcases.LoginPageTest" name="loginTest" time="10.316"/>
  <testcase classname="com.amazon.qa.testcases.RegistrationTest" name="validateNewCustomerRegistration" time="1.477"/>
  <testcase classname="com.amazon.qa.testcases.RegistrationTest" name="validateNewCustomerRegistration" time="1.437"/>
  <testcase classname="com.amazon.qa.testcases.RegistrationTest" name="validateNewCustomerRegistration" time="1.518"/>
  <testcase classname="com.amazon.qa.testcases.RegistrationTest" name="validateNewCustomerRegistration" time="1.474"/>
  <testcase classname="com.amazon.qa.testcases.RegistrationTest" name="verifyTitleTest" time="0.047"/>
</testsuite> <!-- Free CRM App Test Cases -->
